<?xml version="1.0" encoding="UTF-8"?>
<testsuite xmlns:xsi="http://www.w3.org/2001/XMLSchema-instance" xsi:noNamespaceSchemaLocation="https://maven.apache.org/surefire/maven-surefire-plugin/xsd/surefire-test-report-3.0.xsd" version="3.0" name="com.addressbook.ContactServiceTest" time="0.131" tests="6" errors="0" skipped="0" failures="0">
  <properties>
[...]
</properties>
  <testcase name="testUpdateContactSuccess" classname="com.addressbook.ContactServiceTest" time="0.052"/>
  <testcase name="testDeleteContactSuccess" classname="com.addressbook.ContactServiceTest" time="0.003"/>
  <testcase name="testDeleteContactNotFound" classname="com.addressbook.ContactServiceTest" time="0.003"/>
  <testcase name="testAddDuplicateContact" classname="com.addressbook.ContactServiceTest" time="0.002"/>
  <testcase name="testUpdateContactNotFound" classname="com.addressbook.ContactServiceTest" time="0.002"/>
  <testcase name="testAddContactSuccess" classname="com.addressbook.ContactServiceTest" time="0.002"/>
</testsuite>